[2024-12-01 08:00:01] INFO: Starting Q4 production deployment
[2024-12-01 08:15:33] INFO: Pre-deployment checks initiated
[2024-12-01 08:30:45] INFO: Security scan completed - no critical issues
[2024-12-01 09:15:22] INFO: Deployment approved by thompsonm
[2024-12-01 09:16:45] INFO: Security scan initiated by wu.j
[2024-12-01 09:18:33] WARN: Override flag TC_PERF_OVERRIDE_Q3 detected
[2024-12-01 09:18:34] INFO: Override authorization check - rpatel approved
[2024-12-01 09:45:11] INFO: CTO review completed
[2024-12-01 10:22:33] INFO: VP Engineering signoff received
[2024-12-01 10:30:00] INFO: Deployment to production successful
[2024-12-01 10:45:22] INFO: Post-deployment validation passed
[2024-12-01 11:00:00] INFO: Notification sent to schen@binance.com
[2024-12-01 11:00:01] INFO: Notification sent to platform-team@binance.com
[2024-12-01 11:15:33] INFO: Performance metrics collection started
[2024-12-01 12:00:00] INFO: Deployment complete - all systems operational

[2024-12-15 14:30:22] INFO: Quarterly security review initiated
[2024-12-15 14:45:11] INFO: Authorization matrix update requested by jwu
[2024-12-15 15:00:00] INFO: Director of Security approval pending
[2024-12-15 15:30:45] INFO: Compliance review scheduled with evolkov
[2024-12-15 16:00:00] INFO: End of Q4 deployment log
